<?xml version="1.0" encoding="UTF-8"?>
<testsuite name="com.zesagata.TestIsOdd" tests="1" skipped="0" failures="0" errors="0" timestamp="2020-12-14T04:13:15" hostname="MSI" time="0.019">
  <properties/>
  <testcase name="test()" classname="com.zesagata.TestIsOdd" time="0.019"/>
  <system-out><![CDATA[true
]]></system-out>
  <system-err><![CDATA[]]></system-err>
</testsuite>
